ncsim 15.20-s039
Linux 3.10.0-1160.36.2.el7.x86_64 #1 SMP Wed Jul 21 11:57:15 UTC 2021 x86_64
CPU cores: 64
Limit information:
======================================
cputime			unlimited
filesize		unlimited
datasize		unlimited
stacksize		8192 kbytes
coredumpsize	0 kbytes
memoryuse		unlimited
vmemoryuse		unlimited
descriptors		4096
memorylocked	64 kbytes
maxproc			4096
======================================
(Special)Runtime environment variables:

Runtime environment variables:
REMOTEHOST=140.113.28.246
MANPATH=/usr/cad/synopsys/primepower/cur/doc/pp/man:/usr/cad/synopsys/primepower/cur/doc/pt/man:/usr/cad/synopsys/synthesis/cur/doc/syn/man
XDG_SESSION_ID=45802
XLOCALEDIR=/usr/cad/synopsys/icc2/cur/etc/locale
HOSTNAME=icst5050
SELINUX_ROLE_REQUESTED=
HOST=icst5050
TERM=xterm
SHELL=/bin/tcsh
SSH_CLIENT=140.113.28.246 53611 8010
POWERARTIST_ROOT=/cad/ansys/Power_Artist_R2021/PowerArtist_linux-x86_64_rhel6_2021R1.2
SELINUX_USE_CURRENT_RANGE=
QTDIR=/usr/lib64/qt-3.3
QTINC=/usr/lib64/qt-3.3/include
SSH_TTY=/dev/pts/45
SG_HTML_BROWSER=/usr/bin/mozilla
QT_GRAPHICSSYSTEM_CHECKED=1
GROUP=chiang
USER=dsd_310591036
LD_LIBRARY_PATH=:/usr/cad/cadence/INNOVUS/cur//tools/tlfUtil/lib:/usr/cad/cadence/GENUS/cur/tools/lib:/usr/cad/cadence/INCISIV/cur/tools/lib:/usr/cad/cadence/INCISIV/cur/tools/vtools/vfault/lib:/usr/cad/synopsys/cosmos_scope/cur/CosmosScope/bin:/usr/cad/synopsys/verdi/cur/share/PLI/IUS/LINUX
LS_COLORS=rs=0:di=01;34:ln=01;36:mh=00:pi=40;33:so=01;35:do=01;35:bd=40;33;01:cd=40;33;01:or=40;31;01:mi=01;05;37;41:su=37;41:sg=30;43:ca=30;41:tw=30;42:ow=34;42:st=37;44:ex=01;32:*.tar=01;31:*.tgz=01;31:*.arc=01;31:*.arj=01;31:*.taz=01;31:*.lha=01;31:*.lz4=01;31:*.lzh=01;31:*.lzma=01;31:*.tlz=01;31:*.txz=01;31:*.tzo=01;31:*.t7z=01;31:*.zip=01;31:*.z=01;31:*.Z=01;31:*.dz=01;31:*.gz=01;31:*.lrz=01;31:*.lz=01;31:*.lzo=01;31:*.xz=01;31:*.bz2=01;31:*.bz=01;31:*.tbz=01;31:*.tbz2=01;31:*.tz=01;31:*.deb=01;31:*.rpm=01;31:*.jar=01;31:*.war=01;31:*.ear=01;31:*.sar=01;31:*.rar=01;31:*.alz=01;31:*.ace=01;31:*.zoo=01;31:*.cpio=01;31:*.7z=01;31:*.rz=01;31:*.cab=01;31:*.jpg=01;35:*.jpeg=01;35:*.gif=01;35:*.bmp=01;35:*.pbm=01;35:*.pgm=01;35:*.ppm=01;35:*.tga=01;35:*.xbm=01;35:*.xpm=01;35:*.tif=01;35:*.tiff=01;35:*.png=01;35:*.svg=01;35:*.svgz=01;35:*.mng=01;35:*.pcx=01;35:*.mov=01;35:*.mpg=01;35:*.mpeg=01;35:*.m2v=01;35:*.mkv=01;35:*.webm=01;35:*.ogm=01;35:*.mp4=01;35:*.m4v=01;35:*.mp4v=01;35:*.vob=01;35:*.qt=01;35:*.nuv=01;35:*.wmv=01;35:*.asf=01;35:*.rm=01;35:*.rmvb=01;35:*.flc=01;35:*.avi=01;35:*.fli=01;35:*.flv=01;35:*.gl=01;35:*.dl=01;35:*.xcf=01;35:*.xwd=01;35:*.yuv=01;35:*.cgm=01;35:*.emf=01;35:*.axv=01;35:*.anx=01;35:*.ogv=01;35:*.ogx=01;35:*.aac=01;36:*.au=01;36:*.flac=01;36:*.mid=01;36:*.midi=01;36:*.mka=01;36:*.mp3=01;36:*.mpc=01;36:*.ogg=01;36:*.ra=01;36:*.wav=01;36:*.axa=01;36:*.oga=01;36:*.spx=01;36:*.xspf=01;36:
HOSTTYPE=x86_64-linux
ENCOUNTER=/usr/cad/cadence/INNOVUS/cur/tools/fe
MAIL=/var/spool/mail/dsd_310591036
PATH=/cad/ansys/Power_Artist_R2021/PowerArtist_linux-x86_64_rhel6_2021R1.2/bin:/usr/cad/cadence/INNOVUS/cur/tools/celtic/bin:/usr/cad/cadence/INNOVUS/cur/tools/plato/bin:/usr/cad/cadence/INNOVUS/cur/tools/dfII/bin:/usr/cad/cadence/INNOVUS/cur/tools/bin:/usr/cad/cadence/INNOVUS/cur//tools/tlfUtil/bin:/usr/cad/cadence/GENUS/cur/tools/bin:/usr/cad/cadence/INCISIV/cur/tools/bin:/usr/cad/cadence/INCISIV/cur/tools/vtools/vfault/bin:/usr/cad/cadence/INCISIV/cur/tools/dfII/bin:/usr/cad/synopsys/cosmos_scope/cur/ai_bin:/usr/bin/X11:/usr/cad/synopsys/primetime/cur/amd64/syn/bin:/usr/bin/X11:/usr/cad/synopsys/primepower/cur/bin:/usr/cad/synopsys/icc2/cur/bin:/usr/bin/X11:/usr/cad/synopsys/coreConsultant/cur/bin:/usr/cad/synopsys/synthesis/cur/amd64/syn/bin:/usr/cad/synopsys/lc/cur/bin:/usr/cad/synopsys/spyglass/cur/SPYGLASS_HOME/bin:/usr/cad/synopsys/verdi/cur/bin:/usr/cad/synopsys/verdi/cur/nLint/bin:/usr/lib64/qt-3.3/bin:/usr/local/bin:/usr/bin:/usr/local/sbin:/usr/sbin
PRIMEPOWER=/usr/cad/synopsys/primepower/cur
PWD=/home/others/dsd_310591036/DIC_hw/Ex3/no_pipeline
EDITOR=/usr/bin/vim
LANG=en_US.UTF-8
OA_HOME=/usr/cad/cadence/INNOVUS/cur/oa
SYNTHESIS=/usr/cad/synopsys/synthesis/cur
KDEDIRS=/usr
SELINUX_LEVEL_REQUESTED=
PRIMETIME=/usr/cad/synopsys/primetime/cur
LM_LICENSE_FILE=1055@lsansys:5280@lstc:26585@lsnctu
SHLVL=2
HOME=/home/others/dsd_310591036
OSTYPE=linux
VENDOR=unknown
MACHTYPE=x86_64
LOGNAME=dsd_310591036
QTLIB=/usr/lib64/qt-3.3/lib
SSH_CONNECTION=140.113.28.246 53611 140.113.86.218 8010
LESSOPEN=||/usr/bin/lesspipe.sh %s
SHLIB_PATH=/usr/cad/synopsys/verdi/cur/share/PLI/IUS/LINUX
XDG_RUNTIME_DIR=/run/user/2039
DISPLAY=localhost:13.0
SYN_MAN_DIR=/usr/cad/synopsys/synthesis/cur/doc/syn/man
QT_PLUGIN_PATH=/usr/lib64/kde4/plugins:/usr/lib/kde4/plugins
_=/usr/cad/cadence/INCISIV/cur/tools/bin/irun
_IRUNROOT_=/usr/cad/cadence/INCISIV/cur/tools
CDS_ARCH=lnx86
NCRUNMODE=irun:./INCA_libs/irun.lnx86.15.20.nc
IRUNBATCH=FALSE
IMPERAS_PORT_FILE=.vsp_ovp_gdb_port
TCL_LIBRARY=/usr/cad/cadence/INCISIV/cur/tools/inca/files/tcl/library
Runtime command line arguments:
argv[0]=irun
argv[1]=TESTBED_Convolution.v
argv[2]=-define
argv[3]=GATE
argv[4]=-debug
argv[5]=-v
argv[6]=/disk2/others/dsd_310591036/DIC_hw/NLDM/Verilog/asap7sc7p5t_SIMPLE_RVT_TT_08302018.v
argv[7]=/disk2/others/dsd_310591036/DIC_hw/NLDM/Verilog/asap7sc7p5t_SEQ_RVT_TT_08302018.v
argv[8]=/disk2/others/dsd_310591036/DIC_hw/NLDM/Verilog/asap7sc7p5t_INVBUF_RVT_TT_08302018.v
argv[9]=-nontcglitch
86 profile - 100
          CPU/Mem usage: 0.070 sys,  0.040 user,  63.85M sys,  0.00M vm
87 VC callback profile - scalar:0 vector:0
88 Thu Nov 18 17:54:31 2021
89 pliAppInit
90 FSDB_GATE is disabled.
91 Enable Parallel Dumping.
92 pliAppMiscSet: New Sim Round
93 pliEntryInit
94 LIBSSCORE=found /usr/cad/synopsys/verdi/cur/share/PLI/IUS/LINUX/libsscore_ius152.so through $LD_LIBRARY_PATH setting.
95 argv[0]: Convolution.fsdb
96 FSDB Dumper for IUS, Release Verdi_P-2019.06, Linux, 05/26/2019
97 (C) 1996 - 2019 by Synopsys, Inc.
98 sps_call_fsdbDumpfile at 0 : /home/others/dsd_310591036/DIC_hw/Ex3/no_pipeline/TESTBED_Convolution.v(61)
99 argv[0]: Convolution.fsdb
100 *Verdi* FSDB WARNING: The FSDB file already exists. Overwriting the FSDB file may crash the programs that are using this file.
101 *Verdi* : Create FSDB file 'Convolution.fsdb'
102 sps_call_fsdbDumpvars at 0 : /home/others/dsd_310591036/DIC_hw/Ex3/no_pipeline/TESTBED_Convolution.v(62)
103 *Verdi* : Begin traversing the scopes, layer (0).
104 Cell instance `TESTBED.u_Convolution_without_pipeline.cstate_reg_0_'.
105 *Verdi* : End of traversing.
106 fsdbDumpvars traverse var: profile - 
          CPU/Mem usage: 0.080 sys,  0.210 user,  152.15M sys,  0.00M vm
                   incr: 0.010 sys,  0.160 user,  9.32M sys,  0.00M vm
                   accu: 0.010 sys,  0.160 user,  9.32M sys,  0.00M vm
              accu incr: 0.010 sys,  0.160 user,  9.32M sys,  0.00M vm

          Count usage: 23541 var,  14568 idcode,  14568 callback
                 incr: 23541 var,  14568 idcode,  14568 callback
                 accu: 23541 var,  14568 idcode,  14568 callback
            accu incr: 23541 var,  14568 idcode,  14568 callback
107 VC callback profile - scalar:0 vector:0
108 Thu Nov 18 17:54:31 2021
109 fsdbDumpvars: profile - 
          CPU/Mem usage: 0.080 sys,  0.220 user,  153.21M sys,  0.00M vm
                   incr: 0.000 sys,  0.010 user,  1.05M sys,  0.00M vm
                   accu: 0.010 sys,  0.170 user,  10.37M sys,  0.00M vm
              accu incr: 0.000 sys,  0.010 user,  1.05M sys,  0.00M vm

          Count usage: 23541 var,  14568 idcode,  14568 callback
                 incr: 0 var,  0 idcode,  0 callback
                 accu: 23541 var,  14568 idcode,  14568 callback
            accu incr: 0 var,  0 idcode,  0 callback
110 VC callback profile - scalar:14526 vector:42
111 Thu Nov 18 17:54:31 2021
112 End of simulation at 519000
113 VC callback profile - scalar:2052992 vector:8074
114 Thu Nov 18 17:54:31 2021
115 Begin FSDB profile info:
116 FSDB Writer : bc1(2052991) bcn(8075) mtf/stf(0/0)
FSDB Writer elapsed time : flush(0.153298) io wait(0.000000) theadpool wait(0.000000) target functin(0.000000)
FSDB Writer cpu time : MT Compression : 0
117 End FSDB profile info
118 Parallel profile    -  Flush:3 Expand:0 ProduceWait:0 ConsumerWait:0 BlockUsed:7
119                        ProduceTime:0.665154523 ConsumerTime:0.289520651 Buffer:64MB
120 SimExit
121 Sim process exit
